<?xml version="1.0" encoding="UTF-8"?>
<!-- Generated by org.testng.reporters.JUnitReportReporter -->
<testsuite skipped="0" hostname="C02G917TMD6R" name="com.microcare.testng.auto.SecondTest" tests="1" failures="0" timestamp="2022-12-15T15:30:16 IST" time="0.072" errors="0">
  <testcase name="method2" time="0.072" classname="com.microcare.testng.auto.SecondTest"/>
  <system-out/>
</testsuite> <!-- com.microcare.testng.auto.SecondTest -->
