<?xml version="1.0" encoding="UTF-8"?>
<!-- Generated by org.testng.reporters.JUnitReportReporter -->
<testsuite skipped="0" hostname="C02G917TMD6R" name="com.microcare.testng.auto.Login" tests="3" failures="0" timestamp="2022-12-15T16:36:18 IST" time="17.340" errors="0">
  <testcase name="brokenImages" time="3.300" classname="com.microcare.testng.auto.Login"/>
  <system-out/>
  <testcase name="brokenImages" time="9.802" classname="com.microcare.testng.auto.Login"/>
  <system-out/>
  <testcase name="brokenImages" time="4.238" classname="com.microcare.testng.auto.Login"/>
  <system-out/>
</testsuite> <!-- com.microcare.testng.auto.Login -->
